<?xml version="1.0" encoding="UTF-8"?>
<!-- Generated by org.testng.reporters.JUnitReportReporter -->
<testsuite hostname="LAPTOP-VR92I9TB" failures="0" tests="1" name="testCases.TC002_LoginTest" time="1.295" errors="0" timestamp="2025-09-12T10:27:24 IST" skipped="0">
  <testcase classname="testCases.TC002_LoginTest" name="verify_login" time="1.295"/>
</testsuite> <!-- testCases.TC002_LoginTest -->
